[2023-06-19T23:47:00.491Z] info can't find /api/v1/userss/1 on this server! 😡 undefined:undefined
[2023-06-20T23:35:33.380Z] info next is not defined undefined:undefined
[2023-06-20T23:36:59.160Z] info User with email: esneyder89@hotmail.com not found undefined:undefined
[2023-06-20T23:38:28.919Z] info Incorrect email or password undefined:undefined
[2023-06-21T20:48:42.532Z] info Incorrect password undefined:undefined
[2023-06-21T20:50:21.090Z] info pass is not defined undefined:undefined
[2023-06-21T20:52:25.148Z] info Incorrect email or password undefined:undefined
[2023-06-21T22:19:39.537Z] info You are not logged in!, Please log in to get access undefined:undefined
[2023-06-21T23:20:44.776Z] info You are not logged in!, Please log in to get access undefined:undefined
[2023-06-21T23:34:04.192Z] info jwt expired undefined:undefined
[2023-06-21T23:34:45.117Z] info jwt expired undefined:undefined
[2023-06-21T23:34:53.700Z] info jwt expired undefined:undefined
[2023-06-21T23:35:11.841Z] info jwt expired undefined:undefined
[2023-06-21T23:47:41.059Z] info jwt expired undefined:undefined
[2023-06-21T23:55:41.016Z] info Incorrect password undefined:undefined
[2023-06-22T20:48:54.060Z] info jwt expired undefined:undefined
[2023-06-22T21:43:40.999Z] info You do not own this account undefined:undefined
[2023-06-25T21:25:42.470Z] info You are not logged in!, Please log in to get access undefined:undefined
[2023-06-25T21:26:52.138Z] info jwt expired undefined:undefined
[2023-06-25T21:28:44.785Z] info Incorrect email or password undefined:undefined
[2023-06-25T21:44:50.855Z] info You do not have permission to perform this action! undefined:undefined
[2023-06-25T21:46:21.851Z] info You do not have permission to perform this action! undefined:undefined
[2023-06-25T22:13:27.388Z] info Invalid Token, Please login again! undefined:undefined
[2023-06-25T22:14:56.008Z] info invalid signature undefined:undefined
[2023-06-26T01:19:49.389Z] info You are not logged in!, Please log in to get access undefined:undefined
[2023-06-26T03:22:43.199Z] info You are not logged in!, Please log in to get access undefined:undefined
